{"total": {"lines":{"total":114,"covered":79,"skipped":0,"pct":69.29},"statements":{"total":129,"covered":84,"skipped":0,"pct":65.11},"functions":{"total":44,"covered":24,"skipped":0,"pct":54.54},"branches":{"total":14,"covered":9,"skipped":0,"pct":64.28},"branchesTrue":{"total":0,"covered":0,"skipped":0,"pct":100}}
,"/home/hades/Desktop/sd-030-a-project-trybewallet/src/App.js": {"lines":{"total":1,"covered":1,"skipped":0,"pct":100},"functions":{"total":1,"covered":1,"skipped":0,"pct":100},"statements":{"total":1,"covered":1,"skipped":0,"pct":100},"branches":{"total":0,"covered":0,"skipped":0,"pct":100}}
,"/home/hades/Desktop/sd-030-a-project-trybewallet/src/components/Header.js": {"lines":{"total":12,"covered":8,"skipped":0,"pct":66.66},"functions":{"total":4,"covered":3,"skipped":0,"pct":75},"statements":{"total":12,"covered":8,"skipped":0,"pct":66.66},"branches":{"total":0,"covered":0,"skipped":0,"pct":100}}
,"/home/hades/Desktop/sd-030-a-project-trybewallet/src/components/Table.js": {"lines":{"total":11,"covered":5,"skipped":0,"pct":45.45},"functions":{"total":7,"covered":2,"skipped":0,"pct":28.57},"statements":{"total":12,"covered":5,"skipped":0,"pct":41.66},"branches":{"total":0,"covered":0,"skipped":0,"pct":100}}
,"/home/hades/Desktop/sd-030-a-project-trybewallet/src/components/WalletForm.js": {"lines":{"total":30,"covered":14,"skipped":0,"pct":46.66},"functions":{"total":13,"covered":5,"skipped":0,"pct":38.46},"statements":{"total":34,"covered":14,"skipped":0,"pct":41.17},"branches":{"total":2,"covered":1,"skipped":0,"pct":50}}
,"/home/hades/Desktop/sd-030-a-project-trybewallet/src/pages/Login.js": {"lines":{"total":19,"covered":19,"skipped":0,"pct":100},"functions":{"total":5,"covered":5,"skipped":0,"pct":100},"statements":{"total":20,"covered":20,"skipped":0,"pct":100},"branches":{"total":2,"covered":2,"skipped":0,"pct":100}}
,"/home/hades/Desktop/sd-030-a-project-trybewallet/src/pages/Wallet.js": {"lines":{"total":1,"covered":1,"skipped":0,"pct":100},"functions":{"total":1,"covered":1,"skipped":0,"pct":100},"statements":{"total":1,"covered":1,"skipped":0,"pct":100},"branches":{"total":0,"covered":0,"skipped":0,"pct":100}}
,"/home/hades/Desktop/sd-030-a-project-trybewallet/src/redux/actions/index.js": {"lines":{"total":25,"covered":20,"skipped":0,"pct":80},"functions":{"total":11,"covered":5,"skipped":0,"pct":45.45},"statements":{"total":34,"covered":24,"skipped":0,"pct":70.58},"branches":{"total":0,"covered":0,"skipped":0,"pct":100}}
,"/home/hades/Desktop/sd-030-a-project-trybewallet/src/redux/reducers/index.js": {"lines":{"total":1,"covered":1,"skipped":0,"pct":100},"functions":{"total":0,"covered":0,"skipped":0,"pct":100},"statements":{"total":1,"covered":1,"skipped":0,"pct":100},"branches":{"total":0,"covered":0,"skipped":0,"pct":100}}
,"/home/hades/Desktop/sd-030-a-project-trybewallet/src/redux/reducers/user.js": {"lines":{"total":5,"covered":5,"skipped":0,"pct":100},"functions":{"total":1,"covered":1,"skipped":0,"pct":100},"statements":{"total":5,"covered":5,"skipped":0,"pct":100},"branches":{"total":3,"covered":3,"skipped":0,"pct":100}}
,"/home/hades/Desktop/sd-030-a-project-trybewallet/src/redux/reducers/wallet.js": {"lines":{"total":9,"covered":5,"skipped":0,"pct":55.55},"functions":{"total":1,"covered":1,"skipped":0,"pct":100},"statements":{"total":9,"covered":5,"skipped":0,"pct":55.55},"branches":{"total":7,"covered":3,"skipped":0,"pct":42.85}}
}
