{
  "stats": {
    "suites": 1,
    "tests": 2,
    "passes": 1,
    "pending": 0,
    "failures": 1,
    "start": "2023-05-17T14:32:36.905Z",
    "end": "2023-05-17T14:32:54.880Z",
    "duration": 17975,
    "testsRegistered": 2,
    "passPercent": 50,
    "pendingPercent": 0,
    "other": 0,
    "hasOther": false,
    "skipped": 0,
    "hasSkipped": false
  },
  "results": [
    {
      "uuid": "b9b3ffb0-1a99-4a43-a417-58d1e4316b95",
      "title": "",
      "fullFile": "cypress/e2e/_requirements/09.EditExpense.cy.js",
      "file": "cypress/e2e/_requirements/09.EditExpense.cy.js",
      "beforeHooks": [],
      "afterHooks": [],
      "tests": [],
      "suites": [
        {
          "uuid": "0b6d4aa3-ab0e-4077-b85e-acfc0df8daec",
          "title": "9 - Crie um botão para editar uma despesa da tabela contendo as seguintes características:",
          "fullFile": "",
          "file": "",
          "beforeHooks": [],
          "afterHooks": [],
          "tests": [
            {
              "title": "O botão deve estar dentro do último item da linha da tabela e deve possuir `data-testid=\"edit-btn\"`",
              "fullTitle": "9 - Crie um botão para editar uma despesa da tabela contendo as seguintes características: O botão deve estar dentro do último item da linha da tabela e deve possuir `data-testid=\"edit-btn\"`",
              "timedOut": null,
              "duration": 2915,
              "state": "passed",
              "speed": "fast",
              "pass": true,
              "fail": false,
              "pending": false,
              "context": null,
              "code": "cy.get('tbody tr').first().find('td').last().find(`button[data-testid=\"${_constants.BTN_EDIT_TEST_ID}\"]`).should('exist');\ncy.getByTestId(_constants.BTN_EDIT_TEST_ID).should('have.length', 2);",
              "err": {},
              "uuid": "7952aa9f-5b8d-46ca-8a66-f1c1edaf78b0",
              "parentUUID": "0b6d4aa3-ab0e-4077-b85e-acfc0df8daec",
              "isHook": false,
              "skipped": false
            },
            {
              "title": "O botão habilita um formulário para editar a linha da tabela ao ser clicado, após clicar em \"Editar despesa\" a despesa é atualizada e atualiza a soma de despesas no header.",
              "fullTitle": "9 - Crie um botão para editar uma despesa da tabela contendo as seguintes características: O botão habilita um formulário para editar a linha da tabela ao ser clicado, após clicar em \"Editar despesa\" a despesa é atualizada e atualiza a soma de despesas no header.",
              "timedOut": null,
              "duration": 13655,
              "state": "failed",
              "speed": null,
              "pass": false,
              "fail": true,
              "pending": false,
              "context": null,
              "code": "cy.getByTestId(_constants.BTN_EDIT_TEST_ID).first().click();\ncy.contains(/Adicionar despesa/i).should('not.exist');\ncy.contains(/Editar despesa/i).should('exist');\n(0, _helperFunctions.editExpense)({\n  value: '200',\n  currency: 'CAD',\n  method: 'Dinheiro',\n  tag: 'Saúde',\n  description: 'Duzentos dólares canadenses'\n});\nconst expectedTableRow = ['Duzentos dólares canadenses', 'Saúde', 'Dinheiro', '200.00', 'Dólar Canadense/Real Brasileiro', '3.76', '751.18', 'Real'];\nconst deleteBtn = 1;\ncy.get('tbody tr').first().find('td').should('have.length', expectedTableRow.length + deleteBtn);\ncy.wrap(expectedTableRow).each(expectedValue => {\n  cy.get('tbody tr').first().find('td').contains(expectedValue);\n});\ncy.getByTestId(_constants.TOTAL_FIELD_TEST_ID).should('have.text', '776.81');\nconst expectedExpenses = [{\n  id: 0,\n  value: '200',\n  currency: 'CAD',\n  method: 'Dinheiro',\n  tag: 'Saúde',\n  description: 'Duzentos dólares canadenses',\n  exchangeRates: _data.mockData\n}, _objectSpread(_objectSpread({}, _constants.initialExpenses[1]), {}, {\n  id: 1,\n  exchangeRates: _data.mockData\n})];\ncy.window().its('store').invoke('getState').its('wallet.expenses').should('deep.equal', expectedExpenses);",
              "err": {
                "message": "AssertionError: Timed out retrying after 10000ms: Expected to find content: 'Duzentos dólares canadenses' within the element: [ <td>, 8 more... ] but never did.",
                "estack": "AssertionError: Timed out retrying after 10000ms: Expected to find content: 'Duzentos dólares canadenses' within the element: [ <td>, 8 more... ] but never did.\n    at Context.eval (webpack:///./cypress/e2e/_requirements/09.EditExpense.cy.js:52:44)",
                "diff": null
              },
              "uuid": "0fc11dd8-8cd2-4460-9f4c-79fbd5e8fa96",
              "parentUUID": "0b6d4aa3-ab0e-4077-b85e-acfc0df8daec",
              "isHook": false,
              "skipped": false
            }
          ],
          "suites": [],
          "passes": [
            "7952aa9f-5b8d-46ca-8a66-f1c1edaf78b0"
          ],
          "failures": [
            "0fc11dd8-8cd2-4460-9f4c-79fbd5e8fa96"
          ],
          "pending": [],
          "skipped": [],
          "duration": 16570,
          "root": false,
          "rootEmpty": false,
          "_timeout": 2000
        }
      ],
      "passes": [],
      "failures": [],
      "pending": [],
      "skipped": [],
      "duration": 0,
      "root": true,
      "rootEmpty": true,
      "_timeout": 2000
    }
  ],
  "meta": {
    "mocha": {
      "version": "7.0.1"
    },
    "mochawesome": {
      "options": {
        "quiet": false,
        "reportFilename": "mochawesome",
        "saveHtml": false,
        "saveJson": true,
        "consoleReporter": "spec",
        "useInlineDiffs": false,
        "code": true
      },
      "version": "7.1.3"
    },
    "marge": {
      "options": {
        "id": "default",
        "reportDir": "cypress/reports",
        "overwrite": false,
        "html": false,
        "json": true
      },
      "version": "6.2.0"
    }
  }
}