{
  "stats": {
    "suites": 1,
    "tests": 4,
    "passes": 3,
    "pending": 0,
    "failures": 1,
    "start": "2023-05-17T12:52:46.890Z",
    "end": "2023-05-17T12:52:47.033Z",
    "duration": 143,
    "testsRegistered": 4,
    "passPercent": 75,
    "pendingPercent": 0,
    "other": 0,
    "hasOther": false,
    "skipped": 0,
    "hasSkipped": false
  },
  "results": [
    {
      "uuid": "08b50736-a3c4-4786-985a-ed7d387ccfc3",
      "title": "",
      "fullFile": "cypress/e2e/_requirements/05.TestCoverage.cy.js",
      "file": "cypress/e2e/_requirements/05.TestCoverage.cy.js",
      "beforeHooks": [],
      "afterHooks": [],
      "tests": [],
      "suites": [
        {
          "uuid": "1c20ee53-62b8-4404-85d2-d8e096ff7288",
          "title": "5 - Desenvolva testes para atingir 60% de cobertura total da aplicação",
          "fullFile": "",
          "file": "",
          "beforeHooks": [],
          "afterHooks": [],
          "tests": [
            {
              "title": "Cobertura de \"Statements\" total deverá ser maior ou igual a 60.",
              "fullTitle": "5 - Desenvolva testes para atingir 60% de cobertura total da aplicação Cobertura de \"Statements\" total deverá ser maior ou igual a 60.",
              "timedOut": null,
              "duration": 31,
              "state": "passed",
              "speed": "fast",
              "pass": true,
              "fail": false,
              "pending": false,
              "context": null,
              "code": "cy.task('getCoverage', (0, _getId.getId)()).its('total.statements.pct', {\n  timeout: 0\n}).should('be.gte', 60.00);",
              "err": {},
              "uuid": "97e3544f-64cc-45ed-a681-9a0cf9cab062",
              "parentUUID": "1c20ee53-62b8-4404-85d2-d8e096ff7288",
              "isHook": false,
              "skipped": false
            },
            {
              "title": "Cobertura de \"Functions\" total deverá ser maior ou igual a 60.",
              "fullTitle": "5 - Desenvolva testes para atingir 60% de cobertura total da aplicação Cobertura de \"Functions\" total deverá ser maior ou igual a 60.",
              "timedOut": null,
              "duration": 23,
              "state": "failed",
              "speed": null,
              "pass": false,
              "fail": true,
              "pending": false,
              "context": null,
              "code": "cy.task('getCoverage', (0, _getId.getId)()).its('total.functions.pct', {\n  timeout: 0\n}).should('be.gte', 60.00);",
              "err": {
                "message": "AssertionError: Timed out retrying after 0ms: expected 55.81 to be at least 60",
                "estack": "AssertionError: Timed out retrying after 0ms: expected 55.81 to be at least 60\n    at Context.eval (webpack:///./cypress/e2e/_requirements/05.TestCoverage.cy.js:9:79)",
                "diff": "- 55.81\n+ 60\n"
              },
              "uuid": "4ac486c8-68a3-4423-ad7f-c37f8c2dc0ae",
              "parentUUID": "1c20ee53-62b8-4404-85d2-d8e096ff7288",
              "isHook": false,
              "skipped": false
            },
            {
              "title": "Cobertura de \"Branches\" total deverá ser maior ou igual a 60.",
              "fullTitle": "5 - Desenvolva testes para atingir 60% de cobertura total da aplicação Cobertura de \"Branches\" total deverá ser maior ou igual a 60.",
              "timedOut": null,
              "duration": 13,
              "state": "passed",
              "speed": "fast",
              "pass": true,
              "fail": false,
              "pending": false,
              "context": null,
              "code": "cy.task('getCoverage', (0, _getId.getId)()).its('total.branches.pct', {\n  timeout: 0\n}).should('be.gte', 60.00);",
              "err": {},
              "uuid": "effa080a-c52f-4fad-8582-1e941cd35053",
              "parentUUID": "1c20ee53-62b8-4404-85d2-d8e096ff7288",
              "isHook": false,
              "skipped": false
            },
            {
              "title": "Cobertura de \"Lines\" total deverá ser maior ou igual a 60.",
              "fullTitle": "5 - Desenvolva testes para atingir 60% de cobertura total da aplicação Cobertura de \"Lines\" total deverá ser maior ou igual a 60.",
              "timedOut": null,
              "duration": 13,
              "state": "passed",
              "speed": "fast",
              "pass": true,
              "fail": false,
              "pending": false,
              "context": null,
              "code": "cy.task('getCoverage', (0, _getId.getId)()).its('total.lines.pct', {\n  timeout: 0\n}).should('be.gte', 60.00);",
              "err": {},
              "uuid": "43fbc9c2-4058-4c72-aa3b-d04c7635ef07",
              "parentUUID": "1c20ee53-62b8-4404-85d2-d8e096ff7288",
              "isHook": false,
              "skipped": false
            }
          ],
          "suites": [],
          "passes": [
            "97e3544f-64cc-45ed-a681-9a0cf9cab062",
            "effa080a-c52f-4fad-8582-1e941cd35053",
            "43fbc9c2-4058-4c72-aa3b-d04c7635ef07"
          ],
          "failures": [
            "4ac486c8-68a3-4423-ad7f-c37f8c2dc0ae"
          ],
          "pending": [],
          "skipped": [],
          "duration": 80,
          "root": false,
          "rootEmpty": false,
          "_timeout": 2000
        }
      ],
      "passes": [],
      "failures": [],
      "pending": [],
      "skipped": [],
      "duration": 0,
      "root": true,
      "rootEmpty": true,
      "_timeout": 2000
    }
  ],
  "meta": {
    "mocha": {
      "version": "7.0.1"
    },
    "mochawesome": {
      "options": {
        "quiet": false,
        "reportFilename": "mochawesome",
        "saveHtml": false,
        "saveJson": true,
        "consoleReporter": "spec",
        "useInlineDiffs": false,
        "code": true
      },
      "version": "7.1.3"
    },
    "marge": {
      "options": {
        "id": "default",
        "reportDir": "cypress/reports",
        "overwrite": false,
        "html": false,
        "json": true
      },
      "version": "6.2.0"
    }
  }
}