{
  "stats": {
    "suites": 1,
    "tests": 4,
    "passes": 0,
    "pending": 0,
    "failures": 4,
    "start": "2023-05-17T16:21:59.723Z",
    "end": "2023-05-17T16:21:59.961Z",
    "duration": 238,
    "testsRegistered": 4,
    "passPercent": 0,
    "pendingPercent": 0,
    "other": 0,
    "hasOther": false,
    "skipped": 0,
    "hasSkipped": false
  },
  "results": [
    {
      "uuid": "07be2dcb-8d6e-4dd5-b25e-f60d5257e352",
      "title": "",
      "fullFile": "cypress/e2e/_requirements/10.TestCoverage.cy.js",
      "file": "cypress/e2e/_requirements/10.TestCoverage.cy.js",
      "beforeHooks": [],
      "afterHooks": [],
      "tests": [],
      "suites": [
        {
          "uuid": "3b9356c6-8c74-4053-86c8-3715d448f1ed",
          "title": "10 - Desenvolva testes para atingir 90% de cobertura total da aplicação",
          "fullFile": "",
          "file": "",
          "beforeHooks": [],
          "afterHooks": [],
          "tests": [
            {
              "title": "Cobertura de \"Statements\" total deverá ser maior ou igual a 90.",
              "fullTitle": "10 - Desenvolva testes para atingir 90% de cobertura total da aplicação Cobertura de \"Statements\" total deverá ser maior ou igual a 90.",
              "timedOut": null,
              "duration": 38,
              "state": "failed",
              "speed": null,
              "pass": false,
              "fail": true,
              "pending": false,
              "context": null,
              "code": "cy.task('getCoverage', (0, _getId.getId)()).its('total.statements.pct', {\n  timeout: 0\n}).should('be.gte', 90.00);",
              "err": {
                "message": "AssertionError: Timed out retrying after 0ms: expected 65.11 to be at least 90",
                "estack": "AssertionError: Timed out retrying after 0ms: expected 65.11 to be at least 90\n    at Context.eval (webpack:///./cypress/e2e/_requirements/10.TestCoverage.cy.js:5:80)",
                "diff": "- 65.11\n+ 90\n"
              },
              "uuid": "e604f78b-8062-4b01-afa9-58a518c1d146",
              "parentUUID": "3b9356c6-8c74-4053-86c8-3715d448f1ed",
              "isHook": false,
              "skipped": false
            },
            {
              "title": "Cobertura de \"Functions\" total deverá ser maior ou igual a 90.",
              "fullTitle": "10 - Desenvolva testes para atingir 90% de cobertura total da aplicação Cobertura de \"Functions\" total deverá ser maior ou igual a 90.",
              "timedOut": null,
              "duration": 42,
              "state": "failed",
              "speed": null,
              "pass": false,
              "fail": true,
              "pending": false,
              "context": null,
              "code": "cy.task('getCoverage', (0, _getId.getId)()).its('total.functions.pct', {\n  timeout: 0\n}).should('be.gte', 90.00);",
              "err": {
                "message": "AssertionError: Timed out retrying after 0ms: expected 54.54 to be at least 90",
                "estack": "AssertionError: Timed out retrying after 0ms: expected 54.54 to be at least 90\n    at Context.eval (webpack:///./cypress/e2e/_requirements/10.TestCoverage.cy.js:9:79)",
                "diff": "- 54.54\n+ 90\n"
              },
              "uuid": "48cb536c-3f7d-45f8-9db8-84d6e4073fa2",
              "parentUUID": "3b9356c6-8c74-4053-86c8-3715d448f1ed",
              "isHook": false,
              "skipped": false
            },
            {
              "title": "Cobertura de \"Branches\" total deverá ser maior ou igual a 90.",
              "fullTitle": "10 - Desenvolva testes para atingir 90% de cobertura total da aplicação Cobertura de \"Branches\" total deverá ser maior ou igual a 90.",
              "timedOut": null,
              "duration": 23,
              "state": "failed",
              "speed": null,
              "pass": false,
              "fail": true,
              "pending": false,
              "context": null,
              "code": "cy.task('getCoverage', (0, _getId.getId)()).its('total.branches.pct', {\n  timeout: 0\n}).should('be.gte', 90.00);",
              "err": {
                "message": "AssertionError: Timed out retrying after 0ms: expected 64.28 to be at least 90",
                "estack": "AssertionError: Timed out retrying after 0ms: expected 64.28 to be at least 90\n    at Context.eval (webpack:///./cypress/e2e/_requirements/10.TestCoverage.cy.js:13:78)",
                "diff": "- 64.28\n+ 90\n"
              },
              "uuid": "8b342203-852c-4caf-80c9-a5b1c9aed3d1",
              "parentUUID": "3b9356c6-8c74-4053-86c8-3715d448f1ed",
              "isHook": false,
              "skipped": false
            },
            {
              "title": "Cobertura de \"Lines\" total deverá ser maior ou igual a 90.",
              "fullTitle": "10 - Desenvolva testes para atingir 90% de cobertura total da aplicação Cobertura de \"Lines\" total deverá ser maior ou igual a 90.",
              "timedOut": null,
              "duration": 22,
              "state": "failed",
              "speed": null,
              "pass": false,
              "fail": true,
              "pending": false,
              "context": null,
              "code": "cy.task('getCoverage', (0, _getId.getId)()).its('total.lines.pct', {\n  timeout: 0\n}).should('be.gte', 90.00);",
              "err": {
                "message": "AssertionError: Timed out retrying after 0ms: expected 69.29 to be at least 90",
                "estack": "AssertionError: Timed out retrying after 0ms: expected 69.29 to be at least 90\n    at Context.eval (webpack:///./cypress/e2e/_requirements/10.TestCoverage.cy.js:17:75)",
                "diff": "- 69.29\n+ 90\n"
              },
              "uuid": "6f39e264-1136-4300-b494-0b79e5d2ba7f",
              "parentUUID": "3b9356c6-8c74-4053-86c8-3715d448f1ed",
              "isHook": false,
              "skipped": false
            }
          ],
          "suites": [],
          "passes": [],
          "failures": [
            "e604f78b-8062-4b01-afa9-58a518c1d146",
            "48cb536c-3f7d-45f8-9db8-84d6e4073fa2",
            "8b342203-852c-4caf-80c9-a5b1c9aed3d1",
            "6f39e264-1136-4300-b494-0b79e5d2ba7f"
          ],
          "pending": [],
          "skipped": [],
          "duration": 125,
          "root": false,
          "rootEmpty": false,
          "_timeout": 2000
        }
      ],
      "passes": [],
      "failures": [],
      "pending": [],
      "skipped": [],
      "duration": 0,
      "root": true,
      "rootEmpty": true,
      "_timeout": 2000
    }
  ],
  "meta": {
    "mocha": {
      "version": "7.0.1"
    },
    "mochawesome": {
      "options": {
        "quiet": false,
        "reportFilename": "mochawesome",
        "saveHtml": false,
        "saveJson": true,
        "consoleReporter": "spec",
        "useInlineDiffs": false,
        "code": true
      },
      "version": "7.1.3"
    },
    "marge": {
      "options": {
        "id": "default",
        "reportDir": "cypress/reports",
        "overwrite": false,
        "html": false,
        "json": true
      },
      "version": "6.2.0"
    }
  }
}