{
  "stats": {
    "suites": 1,
    "tests": 2,
    "passes": 2,
    "pending": 0,
    "failures": 0,
    "start": "2023-05-17T16:21:50.022Z",
    "end": "2023-05-17T16:21:58.303Z",
    "duration": 8281,
    "testsRegistered": 2,
    "passPercent": 100,
    "pendingPercent": 0,
    "other": 0,
    "hasOther": false,
    "skipped": 0,
    "hasSkipped": false
  },
  "results": [
    {
      "uuid": "1c888443-2043-4356-ab5d-74082365b8eb",
      "title": "",
      "fullFile": "cypress/e2e/_requirements/09.EditExpense.cy.js",
      "file": "cypress/e2e/_requirements/09.EditExpense.cy.js",
      "beforeHooks": [],
      "afterHooks": [],
      "tests": [],
      "suites": [
        {
          "uuid": "4d884057-5334-4144-82bd-f7d4ea959844",
          "title": "9 - Crie um botão para editar uma despesa da tabela contendo as seguintes características:",
          "fullFile": "",
          "file": "",
          "beforeHooks": [],
          "afterHooks": [],
          "tests": [
            {
              "title": "O botão deve estar dentro do último item da linha da tabela e deve possuir `data-testid=\"edit-btn\"`",
              "fullTitle": "9 - Crie um botão para editar uma despesa da tabela contendo as seguintes características: O botão deve estar dentro do último item da linha da tabela e deve possuir `data-testid=\"edit-btn\"`",
              "timedOut": null,
              "duration": 2939,
              "state": "passed",
              "speed": "fast",
              "pass": true,
              "fail": false,
              "pending": false,
              "context": null,
              "code": "cy.get('tbody tr').first().find('td').last().find(`button[data-testid=\"${_constants.BTN_EDIT_TEST_ID}\"]`).should('exist');\ncy.getByTestId(_constants.BTN_EDIT_TEST_ID).should('have.length', 2);",
              "err": {},
              "uuid": "1af44a26-b55d-4e72-a9ec-da2801ba4614",
              "parentUUID": "4d884057-5334-4144-82bd-f7d4ea959844",
              "isHook": false,
              "skipped": false
            },
            {
              "title": "O botão habilita um formulário para editar a linha da tabela ao ser clicado, após clicar em \"Editar despesa\" a despesa é atualizada e atualiza a soma de despesas no header.",
              "fullTitle": "9 - Crie um botão para editar uma despesa da tabela contendo as seguintes características: O botão habilita um formulário para editar a linha da tabela ao ser clicado, após clicar em \"Editar despesa\" a despesa é atualizada e atualiza a soma de despesas no header.",
              "timedOut": null,
              "duration": 3870,
              "state": "passed",
              "speed": "fast",
              "pass": true,
              "fail": false,
              "pending": false,
              "context": null,
              "code": "cy.getByTestId(_constants.BTN_EDIT_TEST_ID).first().click();\ncy.contains(/Adicionar despesa/i).should('not.exist');\ncy.contains(/Editar despesa/i).should('exist');\n(0, _helperFunctions.editExpense)({\n  value: '200',\n  currency: 'CAD',\n  method: 'Dinheiro',\n  tag: 'Saúde',\n  description: 'Duzentos dólares canadenses'\n});\nconst expectedTableRow = ['Duzentos dólares canadenses', 'Saúde', 'Dinheiro', '200.00', 'Dólar Canadense/Real Brasileiro', '3.76', '751.18', 'Real'];\nconst deleteBtn = 1;\ncy.get('tbody tr').first().find('td').should('have.length', expectedTableRow.length + deleteBtn);\ncy.wrap(expectedTableRow).each(expectedValue => {\n  cy.get('tbody tr').first().find('td').contains(expectedValue);\n});\ncy.getByTestId(_constants.TOTAL_FIELD_TEST_ID).should('have.text', '776.81');\nconst expectedExpenses = [{\n  id: 0,\n  value: '200',\n  currency: 'CAD',\n  method: 'Dinheiro',\n  tag: 'Saúde',\n  description: 'Duzentos dólares canadenses',\n  exchangeRates: _data.mockData\n}, _objectSpread(_objectSpread({}, _constants.initialExpenses[1]), {}, {\n  id: 1,\n  exchangeRates: _data.mockData\n})];\ncy.window().its('store').invoke('getState').its('wallet.expenses').should('deep.equal', expectedExpenses);",
              "err": {},
              "uuid": "0b6a3230-a47b-48dd-bea8-d03deb3a7ef3",
              "parentUUID": "4d884057-5334-4144-82bd-f7d4ea959844",
              "isHook": false,
              "skipped": false
            }
          ],
          "suites": [],
          "passes": [
            "1af44a26-b55d-4e72-a9ec-da2801ba4614",
            "0b6a3230-a47b-48dd-bea8-d03deb3a7ef3"
          ],
          "failures": [],
          "pending": [],
          "skipped": [],
          "duration": 6809,
          "root": false,
          "rootEmpty": false,
          "_timeout": 2000
        }
      ],
      "passes": [],
      "failures": [],
      "pending": [],
      "skipped": [],
      "duration": 0,
      "root": true,
      "rootEmpty": true,
      "_timeout": 2000
    }
  ],
  "meta": {
    "mocha": {
      "version": "7.0.1"
    },
    "mochawesome": {
      "options": {
        "quiet": false,
        "reportFilename": "mochawesome",
        "saveHtml": false,
        "saveJson": true,
        "consoleReporter": "spec",
        "useInlineDiffs": false,
        "code": true
      },
      "version": "7.1.3"
    },
    "marge": {
      "options": {
        "id": "default",
        "reportDir": "cypress/reports",
        "overwrite": false,
        "html": false,
        "json": true
      },
      "version": "6.2.0"
    }
  }
}